
> my-v0-project@0.1.0 dev
> next dev

   ▲ Next.js 16.0.10 (Turbopack)
   - Local:         http://localhost:3000
   - Network:       http://192.168.0.2:3000

 ✓ Starting...
Attention: Next.js now collects completely anonymous telemetry regarding usage.
This information is used to shape Next.js' roadmap and prioritize features.
You can learn more, including how to opt-out if you'd not like to participate in this anonymous program, by visiting the following URL:
https://nextjs.org/telemetry

 ⚠ The "middleware" file convention is deprecated. Please use "proxy" instead. Learn more: https://nextjs.org/docs/messages/middleware-to-proxy
 ✓ Ready in 1651ms
 ⨯ Error: Your project's URL and Key are required to create a Supabase client!

Check your Supabase project's API settings to find these values

https://supabase.com/dashboard/project/_/settings/api
    at <unknown> (https://supabase.com/dashboard/project/_/settings/api)
    at <unknown> (https://supabase.com/dashboard/project/_/settings/api)
    at updateSession (lib/supabase/middleware.ts:11:38)
    at middleware (middleware.ts:5:29)
   9 |   // With Fluid compute, don't put this client in a global environment
  10 |   // variable. Always create a new one on each request.
> 11 |   const supabase = createServerClient(
     |                                      ^
  12 |     process.env.NEXT_PUBLIC_SUPABASE_URL!,
  13 |     process.env.NEXT_PUBLIC_SUPABASE_ANON_KEY!,
  14 |     {
 GET /student/dashboard 404 in 2.6s (compile: -295912µs, proxy.ts: 2.6s, render: 306ms)
 ⨯ Error: Your project's URL and Key are required to create a Supabase client!

Check your Supabase project's API settings to find these values

https://supabase.com/dashboard/project/_/settings/api
    at <unknown> (https://supabase.com/dashboard/project/_/settings/api)
    at <unknown> (https://supabase.com/dashboard/project/_/settings/api)
    at updateSession (lib/supabase/middleware.ts:11:38)
    at middleware (middleware.ts:5:29)
   9 |   // With Fluid compute, don't put this client in a global environment
  10 |   // variable. Always create a new one on each request.
> 11 |   const supabase = createServerClient(
     |                                      ^
  12 |     process.env.NEXT_PUBLIC_SUPABASE_URL!,
  13 |     process.env.NEXT_PUBLIC_SUPABASE_ANON_KEY!,
  14 |     {
 GET /student/performance 404 in 58ms (compile: -11772µs, proxy.ts: 52ms, render: 18ms)
 ○ Compiling /_not-found/page ...
   Reload env: .env.local
 ✓ Compiled in 558ms
 ○ Compiling / ...
 GET / 200 in 6.4s (compile: 5.9s, proxy.ts: 7ms, render: 475ms)
 GET / 200 in 155ms (compile: 15ms, proxy.ts: 9ms, render: 131ms)
 GET / 200 in 976ms (compile: 275ms, proxy.ts: 97ms, render: 604ms)
 GET / 200 in 181ms (compile: 35ms, proxy.ts: 10ms, render: 137ms)
 GET / 200 in 75ms (compile: 7ms, proxy.ts: 7ms, render: 60ms)
 GET / 200 in 220ms (compile: 15ms, proxy.ts: 7ms, render: 197ms)
 GET / 200 in 901ms (compile: 295ms, proxy.ts: 114ms, render: 492ms)
 GET / 200 in 793ms (compile: 363ms, proxy.ts: 15ms, render: 415ms)
