
> my-v0-project@0.1.0 dev
> next dev

   ▲ Next.js 16.0.8 (Turbopack)
   - Local:         http://localhost:3000
   - Network:       http://192.168.0.2:3000

 ✓ Starting...
 ⚠ The "middleware" file convention is deprecated. Please use "proxy" instead. Learn more: https://nextjs.org/docs/messages/middleware-to-proxy
 ✓ Ready in 2.9s
 ⨯ Error: Your project's URL and Key are required to create a Supabase client!

Check your Supabase project's API settings to find these values

https://supabase.com/dashboard/project/_/settings/api
    at <unknown> (https://supabase.com/dashboard/project/_/settings/api)
    at <unknown> (https://supabase.com/dashboard/project/_/settings/api)
    at updateSession (lib/supabase/middleware.ts:11:38)
    at middleware (middleware.ts:5:29)
   9 |   // With Fluid compute, don't put this client in a global environment
  10 |   // variable. Always create a new one on each request.
> 11 |   const supabase = createServerClient(
     |                                      ^
  12 |     process.env.NEXT_PUBLIC_SUPABASE_URL!,
  13 |     process.env.NEXT_PUBLIC_SUPABASE_ANON_KEY!,
  14 |     {
 GET /auth/student-signup 404 in 3.1s (compile: -291914µs, proxy.ts: 3.1s, render: 304ms)
 ○ Compiling /_not-found/page ...
